<data key="xinclude_1">success</data>
