<?xml version="1.0" ?>
<mydata>
    <data key="xinclude_2">success</data>
</mydata>

